<?xml version="1.0" encoding="UTF-8"?>
<testng-results skipped="0" failed="0" ignored="0" total="1" passed="1">
  <reporter-output>
  </reporter-output>
  <suite name="Default suite" duration-ms="16147" started-at="2017-03-31T02:03:53Z" finished-at="2017-03-31T02:04:09Z">
    <groups>
    </groups>
    <test name="Default test" duration-ms="16147" started-at="2017-03-31T02:03:53Z" finished-at="2017-03-31T02:04:09Z">
      <class name="practice1.Sibling">
        <test-method status="PASS" signature="testSiblingAndParentInXpath()[pri:0, instance:practice1.Sibling@29ee9faa]" name="testSiblingAndParentInXpath" duration-ms="16118" started-at="2017-03-30T19:03:53Z" finished-at="2017-03-30T19:04:09Z">
          <reporter-output>
          </reporter-output>
        </test-method> <!-- testSiblingAndParentInXpath -->
      </class> <!-- practice1.Sibling -->
    </test> <!-- Default test -->
  </suite> <!-- Default suite -->
</testng-results>
