<?xml version="1.0" encoding="UTF-8"?>
<!-- Generated by org.testng.reporters.JUnitXMLReporter -->
<testsuite hostname="LAPTOP-9O0KKAA3" ignored="0" name="Sprint" tests="4" failures="1" timestamp="08 Mar 2017 06:12:17 GMT" time="37.043" errors="0">
  <testcase name="screenshot" time="7.477" classname="sample.Testcase1">
    <failure type="java.lang.AssertionError" message="expected [Facebook] but found [Facebook - Log In or Sign Up]">
      <![CDATA[java.lang.AssertionError: expected [Facebook] but found [Facebook - Log In or Sign Up]
	at sample.Testcase1.screenshot(Testcase1.java:27)
... Removed 31 stack frames]]>
    </failure>
  </testcase> <!-- screenshot -->
  <testcase name="valid" time="11.922" classname="sample.Testcase3"/>
  <testcase name="invalid2" time="7.361" classname="sample.Testcase2"/>
  <testcase name="Invalid" time="10.238" classname="sample.Testcase4"/>
</testsuite> <!-- Sprint -->
