<?xml version="1.0" encoding="UTF-8"?>
<testng-results skipped="0" failed="0" ignored="0" total="1" passed="1">
  <reporter-output>
  </reporter-output>
  <suite name="Default suite" duration-ms="40" started-at="2017-03-23T19:30:19Z" finished-at="2017-03-23T19:30:19Z">
    <groups>
    </groups>
    <test name="Default test" duration-ms="40" started-at="2017-03-23T19:30:19Z" finished-at="2017-03-23T19:30:19Z">
      <class name="jenkinsdemo.Jenkinsdemo1">
        <test-method status="PASS" signature="demo()[pri:0, instance:jenkinsdemo.Jenkinsdemo1@6a2bcfcb]" name="demo" duration-ms="12" started-at="2017-03-23T12:30:19Z" finished-at="2017-03-23T12:30:19Z">
          <reporter-output>
          </reporter-output>
        </test-method> <!-- demo -->
      </class> <!-- jenkinsdemo.Jenkinsdemo1 -->
    </test> <!-- Default test -->
  </suite> <!-- Default suite -->
</testng-results>
